<?xml version="1.0" encoding="UTF-8"?>
<!-- Generated by org.testng.reporters.JUnitReportReporter -->
<testsuite skipped="0" hostname="LAPTOP-VB5CMFEC" name="com.qtpselenium.core.hybrid.testcases.Gmail" tests="1" failures="0" timestamp="18 Jan 2018 18:32:44 GMT" time="0.000" errors="0">
  <testcase name="test" time="0.000" classname="com.qtpselenium.core.hybrid.testcases.Gmail"/>
</testsuite> <!-- com.qtpselenium.core.hybrid.testcases.Gmail -->
